<?xml version="1.0" encoding="UTF-8"?>
<robot generator="Robot 6.1.1 (Python 3.10.14 on win32)" generated="20241028 17:01:30.704" rpa="true" schemaversion="4">
<suite id="s1" name="Tasks" source="c:\Users\SJha05\OneDrive - Kenvue\Documents\robocorp\my-rsb-robot\tasks.robot">
<test id="s1-t1" name="Archive and Cleanup Files" line="31">
<kw name="Remove Temp PDF Directory">
<arg>${InitialPDFPath}</arg>
<arg>${ScreenShotPath}</arg>
<kw name="Remove Directory" library="RPA.FileSystem">
<arg>${InitialPDFPath}</arg>
<arg>recursive=True</arg>
<doc>Removes the given directory, and optionally everything it contains.</doc>
<msg timestamp="20241028 17:01:33.185" level="WARN">Keyword 'Remove Directory' found both from a custom library 'RPA.FileSystem' and a standard library 'OperatingSystem'. The custom keyword is used. To select explicitly, and to get rid of this warning, use either 'RPA.FileSystem.Remove Directory' or 'OperatingSystem.Remove Directory'.</msg>
<msg timestamp="20241028 17:01:33.195" level="FAIL">PermissionError: [WinError 5] Access is denied: './output/PDFFiles/'</msg>
<status status="FAIL" starttime="20241028 17:01:33.185" endtime="20241028 17:01:33.200"/>
</kw>
<kw name="Remove Directory" library="RPA.FileSystem">
<arg>${ScreenShotPath}</arg>
<arg>recursive=True</arg>
<doc>Removes the given directory, and optionally everything it contains.</doc>
<status status="NOT RUN" starttime="20241028 17:01:33.201" endtime="20241028 17:01:33.201"/>
</kw>
<status status="FAIL" starttime="20241028 17:01:33.185" endtime="20241028 17:01:33.201"/>
</kw>
<status status="FAIL" starttime="20241028 17:01:33.185" endtime="20241028 17:01:33.202">PermissionError: [WinError 5] Access is denied: './output/PDFFiles/'</status>
</test>
<doc>Template robot main suite.</doc>
<status status="FAIL" starttime="20241028 17:01:30.719" endtime="20241028 17:01:33.204"/>
</suite>
<statistics>
<total>
<stat pass="0" fail="1" skip="0">All Tasks</stat>
</total>
<tag>
</tag>
<suite>
<stat pass="0" fail="1" skip="0" id="s1" name="Tasks">Tasks</stat>
</suite>
</statistics>
<errors>
<msg timestamp="20241028 17:01:33.185" level="WARN">Keyword 'Remove Directory' found both from a custom library 'RPA.FileSystem' and a standard library 'OperatingSystem'. The custom keyword is used. To select explicitly, and to get rid of this warning, use either 'RPA.FileSystem.Remove Directory' or 'OperatingSystem.Remove Directory'.</msg>
</errors>
</robot>
